This is pdfTeX, Version 3.14159265-2.6-1.40.16 (TeX Live 2015) (preloaded format=pdflatex 2015.10.13)  8 JAN 2017 18:23
entering extended mode
 restricted \write18 enabled.
 %&-line parsing enabled.
**acl2017.tex
(./acl2017.tex
LaTeX2e <2015/01/01>
Babel <3.9l> and hyphenation patterns for 79 languages loaded.
(/usr/local/texlive/2015/texmf-dist/tex/latex/base/article.cls
Document Class: article 2014/09/29 v1.4h Standard LaTeX document class
(/usr/local/texlive/2015/texmf-dist/tex/latex/base/size11.clo
File: size11.clo 2014/09/29 v1.4h Standard LaTeX file (size option)
)
\c@part=\count79
\c@section=\count80
\c@subsection=\count81
\c@subsubsection=\count82
\c@paragraph=\count83
\c@subparagraph=\count84
\c@figure=\count85
\c@table=\count86
\abovecaptionskip=\skip41
\belowcaptionskip=\skip42
\bibindent=\dimen102
) (./acl2017.sty
(/usr/local/texlive/2015/texmf-dist/tex/latex/hyperref/hyperref.sty
Package: hyperref 2012/11/06 v6.83m Hypertext links for LaTeX

(/usr/local/texlive/2015/texmf-dist/tex/generic/oberdiek/hobsub-hyperref.sty
Package: hobsub-hyperref 2012/05/28 v1.13 Bundle oberdiek, subset hyperref (HO)


(/usr/local/texlive/2015/texmf-dist/tex/generic/oberdiek/hobsub-generic.sty
Package: hobsub-generic 2012/05/28 v1.13 Bundle oberdiek, subset generic (HO)
Package: hobsub 2012/05/28 v1.13 Construct package bundles (HO)
Package: infwarerr 2010/04/08 v1.3 Providing info/warning/error messages (HO)
Package: ltxcmds 2011/11/09 v1.22 LaTeX kernel commands for general use (HO)
Package: ifluatex 2010/03/01 v1.3 Provides the ifluatex switch (HO)
Package ifluatex Info: LuaTeX not detected.
Package: ifvtex 2010/03/01 v1.5 Detect VTeX and its facilities (HO)
Package ifvtex Info: VTeX not detected.
Package: intcalc 2007/09/27 v1.1 Expandable calculations with integers (HO)
Package: ifpdf 2011/01/30 v2.3 Provides the ifpdf switch (HO)
Package ifpdf Info: pdfTeX in PDF mode is detected.
Package: etexcmds 2011/02/16 v1.5 Avoid name clashes with e-TeX commands (HO)
Package etexcmds Info: Could not find \expanded.
(etexcmds)             That can mean that you are not using pdfTeX 1.50 or
(etexcmds)             that some package has redefined \expanded.
(etexcmds)             In the latter case, load this package earlier.
Package: kvsetkeys 2012/04/25 v1.16 Key value parser (HO)
Package: kvdefinekeys 2011/04/07 v1.3 Define keys (HO)
Package: pdftexcmds 2011/11/29 v0.20 Utility functions of pdfTeX for LuaTeX (HO
)
Package pdftexcmds Info: LuaTeX not detected.
Package pdftexcmds Info: \pdf@primitive is available.
Package pdftexcmds Info: \pdf@ifprimitive is available.
Package pdftexcmds Info: \pdfdraftmode found.
Package: pdfescape 2011/11/25 v1.13 Implements pdfTeX's escape features (HO)
Package: bigintcalc 2012/04/08 v1.3 Expandable calculations on big integers (HO
)
Package: bitset 2011/01/30 v1.1 Handle bit-vector datatype (HO)
Package: uniquecounter 2011/01/30 v1.2 Provide unlimited unique counter (HO)
)
Package hobsub Info: Skipping package `hobsub' (already loaded).
Package: letltxmacro 2010/09/02 v1.4 Let assignment for LaTeX macros (HO)
Package: hopatch 2012/05/28 v1.2 Wrapper for package hooks (HO)
Package: xcolor-patch 2011/01/30 xcolor patch
Package: atveryend 2011/06/30 v1.8 Hooks at the very end of document (HO)
Package atveryend Info: \enddocument detected (standard20110627).
Package: atbegshi 2011/10/05 v1.16 At begin shipout hook (HO)
Package: refcount 2011/10/16 v3.4 Data extraction from label references (HO)
Package: hycolor 2011/01/30 v1.7 Color options for hyperref/bookmark (HO)
)
(/usr/local/texlive/2015/texmf-dist/tex/latex/graphics/keyval.sty
Package: keyval 2014/10/28 v1.15 key=value parser (DPC)
\KV@toks@=\toks14
)
(/usr/local/texlive/2015/texmf-dist/tex/generic/ifxetex/ifxetex.sty
Package: ifxetex 2010/09/12 v0.6 Provides ifxetex conditional
)
(/usr/local/texlive/2015/texmf-dist/tex/latex/oberdiek/auxhook.sty
Package: auxhook 2011/03/04 v1.3 Hooks for auxiliary files (HO)
)
(/usr/local/texlive/2015/texmf-dist/tex/latex/oberdiek/kvoptions.sty
Package: kvoptions 2011/06/30 v3.11 Key value format for package options (HO)
)
\@linkdim=\dimen103
\Hy@linkcounter=\count87
\Hy@pagecounter=\count88

(/usr/local/texlive/2015/texmf-dist/tex/latex/hyperref/pd1enc.def
File: pd1enc.def 2012/11/06 v6.83m Hyperref: PDFDocEncoding definition (HO)
)
\Hy@SavedSpaceFactor=\count89

(/usr/local/texlive/2015/texmf-dist/tex/latex/latexconfig/hyperref.cfg
File: hyperref.cfg 2002/06/06 v1.2 hyperref configuration of TeXLive
)
Package hyperref Info: Hyper figures OFF on input line 4443.
Package hyperref Info: Link nesting OFF on input line 4448.
Package hyperref Info: Hyper index ON on input line 4451.
Package hyperref Info: Plain pages OFF on input line 4458.
Package hyperref Info: Backreferencing OFF on input line 4463.
Package hyperref Info: Implicit mode ON; LaTeX internals redefined.
Package hyperref Info: Bookmarks ON on input line 4688.
\c@Hy@tempcnt=\count90

(/usr/local/texlive/2015/texmf-dist/tex/latex/url/url.sty
\Urlmuskip=\muskip10
Package: url 2013/09/16  ver 3.4  Verb mode for urls, etc.
)
LaTeX Info: Redefining \url on input line 5041.
\XeTeXLinkMargin=\dimen104
\Fld@menulength=\count91
\Field@Width=\dimen105
\Fld@charsize=\dimen106
Package hyperref Info: Hyper figures OFF on input line 6295.
Package hyperref Info: Link nesting OFF on input line 6300.
Package hyperref Info: Hyper index ON on input line 6303.
Package hyperref Info: backreferencing OFF on input line 6310.
Package hyperref Info: Link coloring OFF on input line 6315.
Package hyperref Info: Link coloring with OCG OFF on input line 6320.
Package hyperref Info: PDF/A mode OFF on input line 6325.
LaTeX Info: Redefining \ref on input line 6365.
LaTeX Info: Redefining \pageref on input line 6369.
\Hy@abspage=\count92
\c@Item=\count93
\c@Hfootnote=\count94
)

Package hyperref Message: Driver (autodetected): hpdftex.

(/usr/local/texlive/2015/texmf-dist/tex/latex/hyperref/hpdftex.def
File: hpdftex.def 2012/11/06 v6.83m Hyperref driver for pdfTeX
\Fld@listcount=\count95
\c@bookmark@seq@number=\count96

(/usr/local/texlive/2015/texmf-dist/tex/latex/oberdiek/rerunfilecheck.sty
Package: rerunfilecheck 2011/04/15 v1.7 Rerun checks for auxiliary files (HO)
Package uniquecounter Info: New unique counter `rerunfilecheck' on input line 2
82.
)
\Hy@SectionHShift=\skip43
)
(/usr/local/texlive/2015/texmf-dist/tex/latex/xcolor/xcolor.sty
Package: xcolor 2007/01/21 v2.11 LaTeX color extensions (UK)

(/usr/local/texlive/2015/texmf-dist/tex/latex/latexconfig/color.cfg
File: color.cfg 2007/01/18 v1.5 color configuration of teTeX/TeXLive
)
Package xcolor Info: Driver file: pdftex.def on input line 225.

(/usr/local/texlive/2015/texmf-dist/tex/latex/pdftex-def/pdftex.def
File: pdftex.def 2011/05/27 v0.06d Graphics/color for pdfTeX
\Gread@gobject=\count97
)
Package xcolor Info: Model `cmy' substituted by `cmy0' on input line 1337.
Package xcolor Info: Model `hsb' substituted by `rgb' on input line 1341.
Package xcolor Info: Model `RGB' extended on input line 1353.
Package xcolor Info: Model `HTML' substituted by `rgb' on input line 1355.
Package xcolor Info: Model `Hsb' substituted by `hsb' on input line 1356.
Package xcolor Info: Model `tHsb' substituted by `hsb' on input line 1357.
Package xcolor Info: Model `HSB' substituted by `hsb' on input line 1358.
Package xcolor Info: Model `Gray' substituted by `gray' on input line 1359.
Package xcolor Info: Model `wave' substituted by `hsb' on input line 1360.
)
Package hyperref Info: Option `colorlinks' set `true' on input line 100.

Conference Style for ACL 2017
\titlebox=\skip44
\aclrulerbox=\box26
\aclrulercount=\count98
\aclruleroffset=\dimen107
\cv@lineheight=\dimen108
\cv@boxheight=\dimen109
\cv@tmpbox=\box27
\cv@refno=\count99
\cv@tot=\count100
\cv@tmpc@=\count101
\cv@tmpc=\count102
(/usr/local/texlive/2015/texmf-dist/tex/latex/natbib/natbib.sty
Package: natbib 2010/09/13 8.31b (PWD, AO)
\bibhang=\skip45
\bibsep=\skip46
LaTeX Info: Redefining \cite on input line 694.
\c@NAT@ctr=\count103
))
(/usr/local/texlive/2015/texmf-dist/tex/latex/psnfss/times.sty
Package: times 2005/04/12 PSNFSS-v9.2a (SPQR) 
)
(/usr/local/texlive/2015/texmf-dist/tex/latex/base/latexsym.sty
Package: latexsym 1998/08/17 v2.2e Standard LaTeX package (lasy symbols)
\symlasy=\mathgroup4
LaTeX Font Info:    Overwriting symbol font `lasy' in version `bold'
(Font)                  U/lasy/m/n --> U/lasy/b/n on input line 52.
)
(/usr/local/texlive/2015/texmf-dist/tex/latex/graphics/graphicx.sty
Package: graphicx 2014/10/28 v1.0g Enhanced LaTeX Graphics (DPC,SPQR)

(/usr/local/texlive/2015/texmf-dist/tex/latex/graphics/graphics.sty
Package: graphics 2014/10/28 v1.0p Standard LaTeX Graphics (DPC,SPQR)

(/usr/local/texlive/2015/texmf-dist/tex/latex/graphics/trig.sty
Package: trig 1999/03/16 v1.09 sin cos tan (DPC)
)
(/usr/local/texlive/2015/texmf-dist/tex/latex/latexconfig/graphics.cfg
File: graphics.cfg 2010/04/23 v1.9 graphics configuration of TeX Live
)
Package graphics Info: Driver file: pdftex.def on input line 94.
)
\Gin@req@height=\dimen110
\Gin@req@width=\dimen111
)
(/usr/local/texlive/2015/texmf-dist/tex/latex/amsmath/amsmath.sty
Package: amsmath 2013/01/14 v2.14 AMS math features
\@mathmargin=\skip47

For additional information on amsmath, use the `?' option.
(/usr/local/texlive/2015/texmf-dist/tex/latex/amsmath/amstext.sty
Package: amstext 2000/06/29 v2.01

(/usr/local/texlive/2015/texmf-dist/tex/latex/amsmath/amsgen.sty
File: amsgen.sty 1999/11/30 v2.0
\@emptytoks=\toks15
\ex@=\dimen112
))
(/usr/local/texlive/2015/texmf-dist/tex/latex/amsmath/amsbsy.sty
Package: amsbsy 1999/11/29 v1.2d
\pmbraise@=\dimen113
)
(/usr/local/texlive/2015/texmf-dist/tex/latex/amsmath/amsopn.sty
Package: amsopn 1999/12/14 v2.01 operator names
)
\inf@bad=\count104
LaTeX Info: Redefining \frac on input line 210.
\uproot@=\count105
\leftroot@=\count106
LaTeX Info: Redefining \overline on input line 306.
\classnum@=\count107
\DOTSCASE@=\count108
LaTeX Info: Redefining \ldots on input line 378.
LaTeX Info: Redefining \dots on input line 381.
LaTeX Info: Redefining \cdots on input line 466.
\Mathstrutbox@=\box28
\strutbox@=\box29
\big@size=\dimen114
LaTeX Font Info:    Redeclaring font encoding OML on input line 566.
LaTeX Font Info:    Redeclaring font encoding OMS on input line 567.
\macc@depth=\count109
\c@MaxMatrixCols=\count110
\dotsspace@=\muskip11
\c@parentequation=\count111
\dspbrk@lvl=\count112
\tag@help=\toks16
\row@=\count113
\column@=\count114
\maxfields@=\count115
\andhelp@=\toks17
\eqnshift@=\dimen115
\alignsep@=\dimen116
\tagshift@=\dimen117
\tagwidth@=\dimen118
\totwidth@=\dimen119
\lineht@=\dimen120
\@envbody=\toks18
\multlinegap=\skip48
\multlinetaggap=\skip49
\mathdisplay@stack=\toks19
LaTeX Info: Redefining \[ on input line 2665.
LaTeX Info: Redefining \] on input line 2666.
)
(/usr/local/texlive/2015/texmf-dist/tex/latex/amsfonts/amssymb.sty
Package: amssymb 2013/01/14 v3.01 AMS font symbols

(/usr/local/texlive/2015/texmf-dist/tex/latex/amsfonts/amsfonts.sty
Package: amsfonts 2013/01/14 v3.01 Basic AMSFonts support
\symAMSa=\mathgroup5
\symAMSb=\mathgroup6
LaTeX Font Info:    Overwriting math alphabet `\mathfrak' in version `bold'
(Font)                  U/euf/m/n --> U/euf/b/n on input line 106.
))
(./acl2017.aux)
\openout1 = `acl2017.aux'.

LaTeX Font Info:    Checking defaults for OML/cmm/m/it on input line 48.
LaTeX Font Info:    ... okay on input line 48.
LaTeX Font Info:    Checking defaults for T1/cmr/m/n on input line 48.
LaTeX Font Info:    ... okay on input line 48.
LaTeX Font Info:    Checking defaults for OT1/cmr/m/n on input line 48.
LaTeX Font Info:    ... okay on input line 48.
LaTeX Font Info:    Checking defaults for OMS/cmsy/m/n on input line 48.
LaTeX Font Info:    ... okay on input line 48.
LaTeX Font Info:    Checking defaults for OMX/cmex/m/n on input line 48.
LaTeX Font Info:    ... okay on input line 48.
LaTeX Font Info:    Checking defaults for U/cmr/m/n on input line 48.
LaTeX Font Info:    ... okay on input line 48.
LaTeX Font Info:    Checking defaults for PD1/pdf/m/n on input line 48.
LaTeX Font Info:    ... okay on input line 48.
LaTeX Font Info:    Try loading font information for OT1+ptm on input line 48.
 (/usr/local/texlive/2015/texmf-dist/tex/latex/psnfss/ot1ptm.fd
File: ot1ptm.fd 2001/06/04 font definitions for OT1/ptm.
)
\AtBeginShipoutBox=\box30
Package hyperref Info: Link coloring ON on input line 48.
(/usr/local/texlive/2015/texmf-dist/tex/latex/hyperref/nameref.sty
Package: nameref 2012/10/27 v2.43 Cross-referencing by name of section

(/usr/local/texlive/2015/texmf-dist/tex/generic/oberdiek/gettitlestring.sty
Package: gettitlestring 2010/12/03 v1.4 Cleanup title references (HO)
)
\c@section@level=\count116
)
LaTeX Info: Redefining \ref on input line 48.
LaTeX Info: Redefining \pageref on input line 48.
LaTeX Info: Redefining \nameref on input line 48.

(./acl2017.out) (./acl2017.out)
\@outlinefile=\write3
\openout3 = `acl2017.out'.


(/usr/local/texlive/2015/texmf-dist/tex/context/base/supp-pdf.mkii
[Loading MPS to PDF converter (version 2006.09.02).]
\scratchcounter=\count117
\scratchdimen=\dimen121
\scratchbox=\box31
\nofMPsegments=\count118
\nofMParguments=\count119
\everyMPshowfont=\toks20
\MPscratchCnt=\count120
\MPscratchDim=\dimen122
\MPnumerator=\count121
\makeMPintoPDFobject=\count122
\everyMPtoPDFconversion=\toks21
) ABD: EveryShipout initializing macros
(/usr/local/texlive/2015/texmf-dist/tex/latex/oberdiek/epstopdf-base.sty
Package: epstopdf-base 2010/02/09 v2.5 Base part for package epstopdf

(/usr/local/texlive/2015/texmf-dist/tex/latex/oberdiek/grfext.sty
Package: grfext 2010/08/19 v1.1 Manage graphics extensions (HO)
)
Package grfext Info: Graphics extension search list:
(grfext)             [.png,.pdf,.jpg,.mps,.jpeg,.jbig2,.jb2,.PNG,.PDF,.JPG,.JPE
G,.JBIG2,.JB2,.eps]
(grfext)             \AppendGraphicsExtensions on input line 452.

(/usr/local/texlive/2015/texmf-dist/tex/latex/latexconfig/epstopdf-sys.cfg
File: epstopdf-sys.cfg 2010/07/13 v1.3 Configuration of (r)epstopdf for TeX Liv
e
))
LaTeX Font Info:    Font shape `OT1/ptm/bx/n' in size <14.4> not available
(Font)              Font shape `OT1/ptm/b/n' tried instead on input line 49.
LaTeX Font Info:    Try loading font information for U+lasy on input line 49.

(/usr/local/texlive/2015/texmf-dist/tex/latex/base/ulasy.fd
File: ulasy.fd 1998/08/17 v2.2e LaTeX symbol font definitions
)
LaTeX Font Info:    Try loading font information for U+msa on input line 49.

(/usr/local/texlive/2015/texmf-dist/tex/latex/amsfonts/umsa.fd
File: umsa.fd 2013/01/14 v3.01 AMS symbols A
)
LaTeX Font Info:    Try loading font information for U+msb on input line 49.

(/usr/local/texlive/2015/texmf-dist/tex/latex/amsfonts/umsb.fd
File: umsb.fd 2013/01/14 v3.01 AMS symbols B
)
LaTeX Font Info:    Font shape `OT1/ptm/bx/n' in size <12> not available
(Font)              Font shape `OT1/ptm/b/n' tried instead on input line 49.


LaTeX Warning: No \author given.

LaTeX Font Info:    Try loading font information for OT1+pcr on input line 59.
(/usr/local/texlive/2015/texmf-dist/tex/latex/psnfss/ot1pcr.fd
File: ot1pcr.fd 2001/06/04 font definitions for OT1/pcr.
)

LaTeX Warning: No positions in optional float specifier.
               Default added (so using `tbp') on input line 61.

<gg1.png, id=16, 551.1792pt x 449.0376pt>
File: gg1.png Graphic file (type png)
 <use gg1.png>
Package pdftex.def Info: gg1.png used on input line 63.
(pdftex.def)             Requested size: 219.08612pt x 178.48816pt.

Underfull \vbox (badness 1748) has occurred while \output is active []

 [1{/usr/local/texlive/2015/texmf-var/fonts/map/pdftex/updmap/pdftex.map}



 <./gg1.png>]
Underfull \hbox (badness 1087) in paragraph at lines 72--73
\OT1/ptm/m/n/10.95 ex-am-ple, ([][]Wang et al.[][], [][]2014a[][]) per-forms jo
int
 []

LaTeX Font Info:    Font shape `OT1/ptm/bx/n' in size <10.95> not available
(Font)              Font shape `OT1/ptm/b/n' tried instead on input line 82.

Underfull \hbox (badness 1038) in paragraph at lines 86--87
\OT1/ptm/m/n/10.95 a text cor-pus, we can learn word rep-re-sen-ta-
 []


Underfull \hbox (badness 1019) in paragraph at lines 88--89
[]\OT1/ptm/b/n/10.95 Representation Learn-ing of Tex-tual Re-la-
 []


Underfull \vbox (badness 2547) has occurred while \output is active []

 [2]
[3]
Underfull \hbox (badness 2753) in paragraph at lines 141--142
\OT1/ptm/m/n/10.95 the con-di-tional prob-a-bil-ity $\OML/cmm/m/it/10.95 P\OT1/
cmr/m/n/10.95 (\OML/cmm/m/it/10.95 h\OMS/cmsy/m/n/10.95 j\OT1/cmr/m/n/10.95 (\O
ML/cmm/m/it/10.95 r; t\OT1/cmr/m/n/10.95 )\OML/cmm/m/it/10.95 ; []\OT1/cmr/m/n/
10.95 )$\OT1/ptm/m/n/10.95 ,
 []


Underfull \hbox (badness 1748) in paragraph at lines 141--142
\OML/cmm/m/it/10.95 P\OT1/cmr/m/n/10.95 (\OML/cmm/m/it/10.95 t\OMS/cmsy/m/n/10.
95 j\OT1/cmr/m/n/10.95 (\OML/cmm/m/it/10.95 h; r\OT1/cmr/m/n/10.95 )\OML/cmm/m/
it/10.95 ; []\OT1/cmr/m/n/10.95 )$\OT1/ptm/m/n/10.95 , and $\OML/cmm/m/it/10.95
 P\OT1/cmr/m/n/10.95 (\OML/cmm/m/it/10.95 r\OMS/cmsy/m/n/10.95 j\OT1/cmr/m/n/10
.95 (\OML/cmm/m/it/10.95 h; t\OT1/cmr/m/n/10.95 )\OML/cmm/m/it/10.95 ; []\OT1/c
mr/m/n/10.95 )$ \OT1/ptm/m/n/10.95 in-
 []


Underfull \hbox (badness 10000) in paragraph at lines 159--160
[]\OT1/ptm/m/n/10.95 We also de-fine $\OML/cmm/m/it/10.95 P\OT1/cmr/m/n/10.95 (
\OML/cmm/m/it/10.95 t\OMS/cmsy/m/n/10.95 j\OT1/cmr/m/n/10.95 (\OML/cmm/m/it/10.
95 h; r\OT1/cmr/m/n/10.95 )\OML/cmm/m/it/10.95 ; []\OT1/cmr/m/n/10.95 )$ \OT1/p
tm/m/n/10.95 and
 []


Underfull \hbox (badness 1194) in paragraph at lines 164--165
\OT1/ptm/m/n/10.95 Given a sen-tence con-tain-ing two en-ti-ties, the
 []

<cnn.png, id=232, 1007.4438pt x 716.4366pt>
File: cnn.png Graphic file (type png)
 <use cnn.png>
Package pdftex.def Info: cnn.png used on input line 172.
(pdftex.def)             Requested size: 409.71689pt x 291.35774pt.
 [4] [5 <./cnn.png>]
[6]
Underfull \hbox (badness 1127) in paragraph at lines 286--287
\OT1/ptm/m/n/10.95 In ex-per-i-ments we eval-u-ate the joint learn-ing
 []


Underfull \hbox (badness 1242) in paragraph at lines 296--297
\OT1/ptm/m/n/10.95 and learn-ing rate $\OML/cmm/m/it/10.95 []$ \OT1/ptm/m/n/10
.95 on the text side among
 []

[7]
Underfull \hbox (badness 1242) in paragraph at lines 326--327
\OT1/ptm/m/n/10.95 ``CNN+ONE'' in-di-cates the con-ven-tional CNN
 []

Package epstopdf Info: Source file: <jointcnn.eps>
(epstopdf)                    date: 2017-01-03 20:00:06
(epstopdf)                    size: 26402 bytes
(epstopdf)             Output file: <jointcnn-eps-converted-to.pdf>
(epstopdf)                    date: 2017-01-03 20:04:29
(epstopdf)                    size: 19077 bytes
(epstopdf)             Command: <repstopdf --outfile=jointcnn-eps-converted-to.
pdf jointcnn.eps>
(epstopdf)             \includegraphics on input line 332.
Package epstopdf Info: Output file is already uptodate.
<jointcnn-eps-converted-to.pdf, id=357, 1155.31625pt x 562.1pt>
File: jointcnn-eps-converted-to.pdf Graphic file (type pdf)

<use jointcnn-eps-converted-to.pdf>
Package pdftex.def Info: jointcnn-eps-converted-to.pdf used on input line 332.
(pdftex.def)             Requested size: 219.08612pt x 106.58568pt.
Package epstopdf Info: Source file: <jointbase.eps>
(epstopdf)                    date: 2017-01-03 20:03:38
(epstopdf)                    size: 27541 bytes
(epstopdf)             Output file: <jointbase-eps-converted-to.pdf>
(epstopdf)                    date: 2017-01-03 20:04:29
(epstopdf)                    size: 19370 bytes
(epstopdf)             Command: <repstopdf --outfile=jointbase-eps-converted-to
.pdf jointbase.eps>
(epstopdf)             \includegraphics on input line 343.
Package epstopdf Info: Output file is already uptodate.

<jointbase-eps-converted-to.pdf, id=365, 1155.31625pt x 562.1pt>
File: jointbase-eps-converted-to.pdf Graphic file (type pdf)

<use jointbase-eps-converted-to.pdf>
Package pdftex.def Info: jointbase-eps-converted-to.pdf used on input line 343.

(pdftex.def)             Requested size: 219.08612pt x 106.58568pt.

Underfull \hbox (badness 3148) in paragraph at lines 354--355
\OT1/ptm/m/n/10.95 the joint model sig-nif-i-cantly out-per-forms all
 []

LaTeX Font Info:    Font shape `OT1/ptm/bx/n' in size <7> not available
(Font)              Font shape `OT1/ptm/b/n' tried instead on input line 369.
[8 <./jointcnn-eps-converted-to.pdf> <./jointbase-eps-converted-to.pdf>]
[9] (./acl2017.bbl
Underfull \hbox (badness 1163) in paragraph at lines 34--38
[]\OT1/ptm/m/n/10 Antoine Bor-des, Nico-las Usunier, Al-berto Garcia-
 []


Underfull \hbox (badness 1824) in paragraph at lines 34--38
\OT1/ptm/m/n/10 Duran, Ja-son We-ston, and Ok-sana Yakhnenko.
 []


Underfull \hbox (badness 2073) in paragraph at lines 41--44
[]\OT1/ptm/m/n/10 Antoine Bor-des, Ja-son We-ston, Ro-nan Col-lobert,
 []


Underfull \hbox (badness 1466) in paragraph at lines 68--72
[]\OT1/ptm/m/n/10 Dumitru Er-han, Yoshua Ben-gio, Aaron Courville,
 []


Underfull \hbox (badness 4699) in paragraph at lines 81--86
[]\OT1/ptm/m/n/10 Karl Moritz Her-mann, Tomas Ko-cisky, Ed-ward
 []

[10]
Underfull \hbox (badness 1189) in paragraph at lines 146--149
\OT1/ptm/m/n/10 word rep-re-sen-ta-tions.  In \OT1/ptm/m/it/10 Pro-ceed-ings of
 HLT-
 []


Underfull \hbox (badness 2012) in paragraph at lines 194--197
\OT1/ptm/m/n/10 Ben-gio. 2016.  It-er-a-tive al-ter-nat-ing neu-ral at-
 []


Underfull \hbox (badness 3138) in paragraph at lines 194--197
\OT1/ptm/m/n/10 ten-tion for ma-chine read-ing.  \OT1/ptm/m/it/10 arXiv preprin
t
 []


Underfull \hbox (badness 1496) in paragraph at lines 250--253
[]\OT1/ptm/m/n/10 Han Xiao, Min-lie Huang, Yu Hao, and Xi-aoyan
 []

[11]
Underfull \hbox (badness 4205) in paragraph at lines 287--290
[]\OT1/ptm/m/n/10 Wenyuan Zeng, Yankai Lin, Zhiyuan Liu, and
 []


Underfull \hbox (badness 3179) in paragraph at lines 287--290
\OT1/ptm/m/n/10 in neu-ral re-la-tion ex-trac-tion.  \OT1/ptm/m/it/10 arXiv pre
print
 []

)
Package atveryend Info: Empty hook `BeforeClearDocument' on input line 437.
 [12

]
Package atveryend Info: Empty hook `AfterLastShipout' on input line 437.
 (./acl2017.aux)
Package atveryend Info: Executing hook `AtVeryEndDocument' on input line 437.
Package atveryend Info: Executing hook `AtEndAfterFileList' on input line 437.
Package rerunfilecheck Info: File `acl2017.out' has not changed.
(rerunfilecheck)             Checksum: D41D8CD98F00B204E9800998ECF8427E;0.
Package atveryend Info: Empty hook `AtVeryVeryEnd' on input line 437.
 )
(\end occurred when \iffalse on line 338 was incomplete) 
Here is how much of TeX's memory you used:
 7208 strings out of 493089
 103325 string characters out of 6134841
 203883 words of memory out of 5000000
 10475 multiletter control sequences out of 15000+600000
 37767 words of font info for 94 fonts, out of 8000000 for 9000
 1141 hyphenation exceptions out of 8191
 36i,10n,37p,1084b,512s stack positions out of 5000i,500n,10000p,200000b,80000s
{/usr/local/texlive/201
5/texmf-dist/fonts/enc/dvips/base/8r.enc}</usr/local/texlive/2015/texmf-dist/fo
nts/type1/public/amsfonts/cm/cmbx10.pfb></usr/local/texlive/2015/texmf-dist/fon
ts/type1/public/amsfonts/cm/cmbx8.pfb></usr/local/texlive/2015/texmf-dist/fonts
/type1/public/amsfonts/cm/cmex10.pfb></usr/local/texlive/2015/texmf-dist/fonts/
type1/public/amsfonts/cm/cmmi10.pfb></usr/local/texlive/2015/texmf-dist/fonts/t
ype1/public/amsfonts/cm/cmmi6.pfb></usr/local/texlive/2015/texmf-dist/fonts/typ
e1/public/amsfonts/cm/cmmi8.pfb></usr/local/texlive/2015/texmf-dist/fonts/type1
/public/amsfonts/cm/cmr10.pfb></usr/local/texlive/2015/texmf-dist/fonts/type1/p
ublic/amsfonts/cm/cmr6.pfb></usr/local/texlive/2015/texmf-dist/fonts/type1/publ
ic/amsfonts/cm/cmr8.pfb></usr/local/texlive/2015/texmf-dist/fonts/type1/public/
amsfonts/cm/cmsy10.pfb></usr/local/texlive/2015/texmf-dist/fonts/type1/public/a
msfonts/cm/cmsy6.pfb></usr/local/texlive/2015/texmf-dist/fonts/type1/public/ams
fonts/cm/cmsy8.pfb></usr/local/texlive/2015/texmf-dist/fonts/type1/public/amsfo
nts/symbols/msbm10.pfb></usr/local/texlive/2015/texmf-dist/fonts/type1/urw/cour
ier/ucrr8a.pfb></usr/local/texlive/2015/texmf-dist/fonts/type1/urw/times/utmb8a
.pfb></usr/local/texlive/2015/texmf-dist/fonts/type1/urw/times/utmr8a.pfb></usr
/local/texlive/2015/texmf-dist/fonts/type1/urw/times/utmri8a.pfb>
Output written on acl2017.pdf (12 pages, 541011 bytes).
PDF statistics:
 522 PDF objects out of 1000 (max. 8388607)
 478 compressed objects within 5 object streams
 107 named destinations out of 1000 (max. 500000)
 21 words of extra memory for PDF output out of 10000 (max. 10000000)

